2022/02/01 18:46:50 [notice] 1#1: using the "epoll" event method
2022/02/01 18:46:50 [notice] 1#1: nginx/1.21.0
2022/02/01 18:46:50 [notice] 1#1: built by gcc 10.2.1 20201203 (Alpine 10.2.1_pre1) 
2022/02/01 18:46:50 [notice] 1#1: OS: Linux 5.13.0-27-generic
2022/02/01 18:46:50 [notice] 1#1: getrlimit(RLIMIT_NOFILE): 1048576:1048576
2022/02/01 18:46:50 [notice] 1#1: start worker processes
2022/02/01 18:46:50 [notice] 1#1: start worker process 31
2022/02/01 18:46:50 [notice] 1#1: start worker process 32
2022/02/01 22:38:02 [notice] 1#1: signal 3 (SIGQUIT) received, shutting down
2022/02/01 22:38:02 [notice] 31#31: gracefully shutting down
2022/02/01 22:38:02 [notice] 32#32: gracefully shutting down
2022/02/01 22:38:02 [notice] 32#32: exiting
2022/02/01 22:38:02 [notice] 32#32: exit
2022/02/01 22:38:02 [notice] 31#31: exiting
2022/02/01 22:38:02 [notice] 31#31: exit
2022/02/01 22:38:05 [notice] 1#1: signal 17 (SIGCHLD) received from 31
2022/02/01 22:38:05 [notice] 1#1: worker process 31 exited with code 0
2022/02/01 22:38:05 [notice] 1#1: worker process 32 exited with code 0
2022/02/01 22:38:05 [notice] 1#1: exit
2022/02/02 12:56:13 [notice] 1#1: using the "epoll" event method
2022/02/02 12:56:13 [notice] 1#1: nginx/1.21.0
2022/02/02 12:56:13 [notice] 1#1: built by gcc 10.2.1 20201203 (Alpine 10.2.1_pre1) 
2022/02/02 12:56:13 [notice] 1#1: OS: Linux 5.13.0-27-generic
2022/02/02 12:56:13 [notice] 1#1: getrlimit(RLIMIT_NOFILE): 1048576:1048576
2022/02/02 12:56:13 [notice] 1#1: start worker processes
2022/02/02 12:56:13 [notice] 1#1: start worker process 31
2022/02/02 12:56:13 [notice] 1#1: start worker process 32
2022/02/02 13:00:22 [notice] 1#1: signal 3 (SIGQUIT) received, shutting down
2022/02/02 13:00:22 [notice] 31#31: gracefully shutting down
2022/02/02 13:00:22 [notice] 31#31: exiting
2022/02/02 13:00:22 [notice] 31#31: exit
2022/02/02 13:00:22 [notice] 32#32: gracefully shutting down
2022/02/02 13:00:22 [notice] 32#32: exiting
2022/02/02 13:00:22 [notice] 32#32: exit
2022/02/02 13:00:22 [notice] 1#1: signal 17 (SIGCHLD) received from 32
2022/02/02 13:00:22 [notice] 1#1: worker process 32 exited with code 0
2022/02/02 13:00:22 [notice] 1#1: signal 29 (SIGIO) received
2022/02/02 13:00:22 [notice] 1#1: signal 17 (SIGCHLD) received from 31
2022/02/02 13:00:22 [notice] 1#1: worker process 31 exited with code 0
2022/02/02 13:00:22 [notice] 1#1: exit
2022/02/03 20:03:53 [notice] 1#1: using the "epoll" event method
2022/02/03 20:03:53 [notice] 1#1: nginx/1.21.0
2022/02/03 20:03:53 [notice] 1#1: built by gcc 10.2.1 20201203 (Alpine 10.2.1_pre1) 
2022/02/03 20:03:53 [notice] 1#1: OS: Linux 5.13.0-27-generic
2022/02/03 20:03:53 [notice] 1#1: getrlimit(RLIMIT_NOFILE): 1048576:1048576
2022/02/03 20:03:53 [notice] 1#1: start worker processes
2022/02/03 20:03:53 [notice] 1#1: start worker process 33
2022/02/03 20:03:53 [notice] 1#1: start worker process 34
2022/02/03 21:43:14 [notice] 1#1: signal 3 (SIGQUIT) received, shutting down
2022/02/03 21:43:14 [notice] 33#33: gracefully shutting down
2022/02/03 21:43:14 [notice] 33#33: exiting
2022/02/03 21:43:14 [notice] 33#33: exit
2022/02/03 21:43:14 [notice] 34#34: gracefully shutting down
2022/02/03 21:43:14 [notice] 34#34: exiting
2022/02/03 21:43:14 [notice] 34#34: exit
2022/02/03 21:43:15 [notice] 1#1: signal 17 (SIGCHLD) received from 33
2022/02/03 21:43:15 [notice] 1#1: worker process 33 exited with code 0
2022/02/03 21:43:15 [notice] 1#1: worker process 34 exited with code 0
2022/02/03 21:43:15 [notice] 1#1: exit
2022/02/10 18:56:08 [notice] 1#1: using the "epoll" event method
2022/02/10 18:56:08 [notice] 1#1: nginx/1.21.0
2022/02/10 18:56:08 [notice] 1#1: built by gcc 10.2.1 20201203 (Alpine 10.2.1_pre1) 
2022/02/10 18:56:08 [notice] 1#1: OS: Linux 5.13.0-27-generic
2022/02/10 18:56:08 [notice] 1#1: getrlimit(RLIMIT_NOFILE): 1048576:1048576
2022/02/10 18:56:08 [notice] 1#1: start worker processes
2022/02/10 18:56:08 [notice] 1#1: start worker process 31
2022/02/10 18:56:08 [notice] 1#1: start worker process 32
2022/02/10 22:33:14 [notice] 1#1: signal 3 (SIGQUIT) received, shutting down
2022/02/10 22:33:14 [notice] 31#31: gracefully shutting down
2022/02/10 22:33:14 [notice] 31#31: exiting
2022/02/10 22:33:14 [notice] 32#32: gracefully shutting down
2022/02/10 22:33:14 [notice] 32#32: exiting
2022/02/10 22:33:14 [notice] 31#31: exit
2022/02/10 22:33:14 [notice] 32#32: exit
2022/02/10 22:33:16 [notice] 1#1: signal 17 (SIGCHLD) received from 32
2022/02/10 22:33:16 [notice] 1#1: worker process 32 exited with code 0
2022/02/10 22:33:16 [notice] 1#1: signal 17 (SIGCHLD) received from 31
2022/02/10 22:33:16 [notice] 1#1: worker process 31 exited with code 0
2022/02/10 22:33:16 [notice] 1#1: exit
